2023-02-27 15:52:09,908 [1    ] INFO  |App.xaml                     - MuleSoft RPA Builder is starting...
------------------------------------------------------------------------------------
              MuleSoft RPA Builder v.6.0
------------------------------------------------------------------------------------
Application version:    6.0.15086.1
OS:                     WIN_10 - Microsoft Windows NT 10.0.19045.0 (64bit)
Screen resolution:      1462.85714285714 x 822.857142857143
Locale:                 en-US
WS process is:          64bit
Memory:                 Total RAM: 16223 Mb, available RAM: 9397 Mb.
.Net CLR version:       4.0.30319.42000
Installed .Net version: .NET Framework Version: 4.8 or later
Machine name:           JOHNZHONG-PC
Current user name:      RPA
StcRobot inst. path:    C:\Program Files\MuleSoft\RPABuilder\NgCore
------------------------------------------------------------------------------------
2023-02-27 15:52:12,775 [1    ] INFO  |WebSessionHostManager        - The service broker will be started!
2023-02-27 15:52:12,775 [1    ] INFO  |WebSessionHostManager        - Initiating the Service!
2023-02-27 15:52:12,776 [1    ] INFO  |WebSessionHostManager        - Service with name 'Web Session Host' binding succeeded.
2023-02-27 15:52:12,776 [1    ] INFO  |WebSessionHostManager        - The service is initiated and starting!
2023-02-27 15:52:12,777 [1    ] INFO  |WebSessionHostManager        - Start the service.
2023-02-27 15:52:12,777 [1    ] INFO  |WebSessionHostManager        - The service start succeeded.
2023-02-27 15:52:12,988 [1    ] INFO  |WebSessionHostManager        - Trying to open the web session host communication.
2023-02-27 15:52:13,012 [1    ] INFO  |WebSessionHostManager        - Initializing the web session host communication.
2023-02-27 15:52:13,083 [1    ] INFO  |WebSessionHostManager        - Waiting the web session host communication to be initialized.
2023-02-27 15:52:13,083 [4    ] INFO  |WebSessionHostManager        - Start web session host succeededHost service succeeded to open the web session listener for web automation communication.
2023-02-27 15:52:13,084 [1    ] INFO  |WebSessionHostManager        - Service broker rest service succeeded: The web session host communication initialization almost finished.
2023-02-27 15:52:13,084 [1    ] INFO  |WebSessionHostManager        - The service is ready to accept rest calls!
2023-02-27 15:52:13,084 [4    ] INFO  |WebSessionHostManager        - Host service succeeded to open the web session listener for web automation communication.
2023-02-27 15:52:13,092 [1    ] INFO  |StcDllFeedback               - Initializing STCDllWrapper with: 
stcDllDirectory = C:\Program Files\MuleSoft\RPABuilder\NgCore\Bin\x64
stcInstPath = C:\Program Files\MuleSoft\RPABuilder\NgCore
2023-02-27 15:52:13,111 [1    ] INFO  |SettingsLoader               - Settings will be used for: CurrentUser
   All users settings file: C:\Users\Public\Documents\Mulesoft\RPABuilder\RPA\allusers.settings.xml
   Folder with settings:    C:\Users\RPA\Documents\Mulesoft\RPA
2023-02-27 15:52:13,592 [1    ] INFO  |App.xaml                     - ApplicationStartup...
2023-02-27 15:52:17,015 [1    ] INFO  |EditorShellPresenterRpa      - Loading most recent files list
2023-02-27 15:52:17,059 [1    ] INFO  |App.xaml                     - Composing application...
2023-02-27 15:52:22,142 [1    ] INFO  |ToolBoxItemProvider          - Toolbox initialization is finished with 16 categories containing 109 items.
2023-02-27 15:52:22,166 [1    ] INFO  |AddinConfigurator            - Loading addins (99)...
2023-02-27 15:52:22,179 [1    ] INFO  |AddinConfigurator            - Addin WorkflowEditor.Activity.ActivityParameters.ActivityAddin was loaded
2023-02-27 15:52:22,185 [1    ] INFO  |AddinConfigurator            - Addin WorkflowEditor.Activity.AwsComprehend.ActivityAddin was loaded
2023-02-27 15:52:22,190 [1    ] INFO  |AddinConfigurator            - Addin WorkflowEditor.Activity.AwsInvoiceAndReceipts.ActivityAddin was loaded
2023-02-27 15:52:22,194 [1    ] INFO  |AddinConfigurator            - Addin WorkflowEditor.Activity.AwsTextractForms.ActivityAddin was loaded
2023-02-27 15:52:22,199 [1    ] INFO  |AddinConfigurator            - Addin WorkflowEditor.Activity.AwsTextractOcr.ActivityAddin was loaded
2023-02-27 15:52:22,204 [1    ] INFO  |AddinConfigurator            - Addin WorkflowEditor.Activity.AwsTextractTables.ActivityAddin was loaded
2023-02-27 15:52:22,210 [1    ] INFO  |AddinConfigurator            - Addin WorkflowEditor.Activity.AwsTranslate.ActivityAddin was loaded
2023-02-27 15:52:22,213 [1    ] INFO  |AddinConfigurator            - Addin WorkflowEditor.Activity.Checkpoint.ActivityAddin was loaded
2023-02-27 15:52:22,215 [1    ] INFO  |AddinConfigurator            - Addin WorkflowEditor.Activity.CheckProcess.ActivityAddin was loaded
2023-02-27 15:52:22,218 [1    ] INFO  |AddinConfigurator            - Addin WorkflowEditor.Activity.CheckValue.ActivityAddin was loaded
2023-02-27 15:52:22,221 [1    ] INFO  |AddinConfigurator            - Addin WorkflowEditor.Activity.ClearScreen.ActivityAddin was loaded
2023-02-27 15:52:22,224 [1    ] INFO  |AddinConfigurator            - Addin WorkflowEditor.Activity.CombineStrings.ActivityAddin was loaded
2023-02-27 15:52:22,227 [1    ] INFO  |AddinConfigurator            - Addin WorkflowEditor.Activity.CompareRegEx.ActivityAddin was loaded
2023-02-27 15:52:22,234 [1    ] INFO  |AddinConfigurator            - Addin WorkflowEditor.Activity.ConvertString.ActivityAddin was loaded
2023-02-27 15:52:22,237 [1    ] INFO  |AddinConfigurator            - Addin WorkflowEditor.Activity.Coordinates.ActivityAddin was loaded
2023-02-27 15:52:22,241 [1    ] INFO  |AddinConfigurator            - Addin WorkflowEditor.Activity.CopyFile.ActivityAddin was loaded
2023-02-27 15:52:22,244 [1    ] INFO  |AddinConfigurator            - Addin WorkflowEditor.Activity.CreateFile.ActivityAddin was loaded
2023-02-27 15:52:22,248 [1    ] INFO  |AddinConfigurator            - Addin WorkflowEditor.Activity.CredentialsForAws.ActivityAddin was loaded
2023-02-27 15:52:22,251 [1    ] INFO  |AddinConfigurator            - Addin WorkflowEditor.Activity.DeleteFile.ActivityAddin was loaded
2023-02-27 15:52:22,254 [1    ] INFO  |AddinConfigurator            - Addin WorkflowEditor.Activity.EnterString.ActivityAddin was loaded
2023-02-27 15:52:22,258 [1    ] INFO  |AddinConfigurator            - Addin WorkflowEditor.Activity.ExitWorkflow.ActivityAddin was loaded
2023-02-27 15:52:22,263 [1    ] INFO  |AddinConfigurator            - Addin WorkflowEditor.Activity.ExtractPdfImages.ActivityAddin was loaded
2023-02-27 15:52:22,265 [1    ] INFO  |AddinConfigurator            - Addin WorkflowEditor.Activity.FileCheck.ActivityAddin was loaded
2023-02-27 15:52:22,267 [1    ] INFO  |AddinConfigurator            - Addin WorkflowEditor.Activity.ForceErrorState.ActivityAddin was loaded
2023-02-27 15:52:22,270 [1    ] INFO  |AddinConfigurator            - Addin WorkflowEditor.Activity.ForceOkState.ActivityAddin was loaded
2023-02-27 15:52:22,275 [1    ] INFO  |AddinConfigurator            - Addin WorkflowEditor.Activity.GAClick.ActivityAddin was loaded
2023-02-27 15:52:22,279 [1    ] INFO  |AddinConfigurator            - Addin WorkflowEditor.Activity.GAKeystroke.ActivityAddin was loaded
2023-02-27 15:52:22,283 [1    ] INFO  |AddinConfigurator            - Addin WorkflowEditor.Activity.GAReadText.ActivityAddin was loaded
2023-02-27 15:52:22,289 [1    ] INFO  |AddinConfigurator            - Addin WorkflowEditor.Activity.GASession.ActivityAddin was loaded
2023-02-27 15:52:22,293 [1    ] INFO  |AddinConfigurator            - Addin WorkflowEditor.Activity.GASetText.ActivityAddin was loaded
2023-02-27 15:52:22,297 [1    ] INFO  |AddinConfigurator            - Addin WorkflowEditor.Activity.GAToggle.ActivityAddin was loaded
2023-02-27 15:52:22,300 [1    ] INFO  |AddinConfigurator            - Addin WorkflowEditor.Activity.GenerateDateAndTime.ActivityAddin was loaded
2023-02-27 15:52:22,303 [1    ] INFO  |AddinConfigurator            - Addin WorkflowEditor.Activity.GetArrayCount.ActivityAddin was loaded
2023-02-27 15:52:22,306 [1    ] INFO  |AddinConfigurator            - Addin WorkflowEditor.Activity.GetFileInfo.ActivityAddin was loaded
2023-02-27 15:52:22,326 [1    ] INFO  |AddinConfigurator            - Addin WorkflowEditor.Activity.ImageSearch.ActivityAddin was loaded
2023-02-27 15:52:22,329 [1    ] INFO  |AddinConfigurator            - Addin WorkflowEditor.Activity.InitializeSection.ActivityAddin was loaded
2023-02-27 15:52:22,332 [1    ] INFO  |AddinConfigurator            - Addin WorkflowEditor.Activity.JsonQuery.ActivityAddin was loaded
2023-02-27 15:52:22,338 [1    ] INFO  |AddinConfigurator            - Addin WorkflowEditor.Activity.Keystroke.ActivityAddin was loaded
2023-02-27 15:52:22,398 [1    ] INFO  |AddinConfigurator            - Addin WorkflowEditor.Activity.LinkDataSources.ActivityAddin was loaded
2023-02-27 15:52:22,403 [1    ] INFO  |AddinConfigurator            - Addin WorkflowEditor.Activity.MailSession.ActivityAddin was loaded
2023-02-27 15:52:22,406 [1    ] INFO  |AddinConfigurator            - Addin WorkflowEditor.Activity.MapNetworkDrive.ActivityAddin was loaded
2023-02-27 15:52:22,409 [1    ] INFO  |AddinConfigurator            - Addin WorkflowEditor.Activity.MathOperations.ActivityAddin was loaded
2023-02-27 15:52:22,411 [1    ] INFO  |AddinConfigurator            - Addin WorkflowEditor.Activity.MessageBox.ActivityAddin was loaded
2023-02-27 15:52:22,417 [1    ] INFO  |AddinConfigurator            - Addin WorkflowEditor.Activity.MouseClicks.ActivityAddin was loaded
2023-02-27 15:52:22,420 [1    ] INFO  |AddinConfigurator            - Addin WorkflowEditor.Activity.MoveFile.ActivityAddin was loaded
2023-02-27 15:52:22,423 [1    ] INFO  |AddinConfigurator            - Addin WorkflowEditor.Activity.NetworkTracer.ActivityAddin was loaded
2023-02-27 15:52:22,427 [1    ] INFO  |AddinConfigurator            - Addin WorkflowEditor.Activity.Ping.ActivityAddin was loaded
2023-02-27 15:52:22,430 [1    ] INFO  |AddinConfigurator            - Addin WorkflowEditor.Activity.ReadClipboard.ActivityAddin was loaded
2023-02-27 15:52:22,434 [1    ] INFO  |AddinConfigurator            - Addin WorkflowEditor.Activity.ReadExcelFile.ActivityAddin was loaded
2023-02-27 15:52:22,437 [1    ] INFO  |AddinConfigurator            - Addin WorkflowEditor.Activity.ReadFromArray.ActivityAddin was loaded
2023-02-27 15:52:22,440 [1    ] INFO  |AddinConfigurator            - Addin WorkflowEditor.Activity.ReadMail.ActivityAddin was loaded
2023-02-27 15:52:22,445 [1    ] INFO  |AddinConfigurator            - Addin WorkflowEditor.Activity.ReadPdfFile.ActivityAddin was loaded
2023-02-27 15:52:22,448 [1    ] INFO  |AddinConfigurator            - Addin WorkflowEditor.Activity.ReadTextFile.ActivityAddin was loaded
2023-02-27 15:52:22,452 [1    ] INFO  |AddinConfigurator            - Addin WorkflowEditor.Activity.RecalculateExcelFile.ActivityAddin was loaded
2023-02-27 15:52:22,455 [1    ] INFO  |AddinConfigurator            - Addin WorkflowEditor.Activity.RenameFile.ActivityAddin was loaded
2023-02-27 15:52:22,459 [1    ] INFO  |AddinConfigurator            - Addin WorkflowEditor.Activity.RESTCall.ActivityAddin was loaded
2023-02-27 15:52:22,463 [1    ] INFO  |AddinConfigurator            - Addin WorkflowEditor.Activity.Run.ActivityAddin was loaded
2023-02-27 15:52:22,466 [1    ] INFO  |AddinConfigurator            - Addin WorkflowEditor.Activity.RunTimeVariables.ActivityAddin was loaded
2023-02-27 15:52:22,470 [1    ] INFO  |AddinConfigurator            - Addin WorkflowEditor.Activity.Screenshot.ActivityAddin was loaded
2023-02-27 15:52:22,475 [1    ] INFO  |AddinConfigurator            - Addin WorkflowEditor.Activity.SearchPatternGallery.ActivityAddin was loaded
2023-02-27 15:52:22,482 [1    ] INFO  |AddinConfigurator            - Addin WorkflowEditor.Activity.SearchPatternSwitchCase.ActivityAddin was loaded
2023-02-27 15:52:22,485 [1    ] INFO  |AddinConfigurator            - Addin WorkflowEditor.Activity.SendMail.ActivityAddin was loaded
2023-02-27 15:52:22,488 [1    ] INFO  |AddinConfigurator            - Addin WorkflowEditor.Activity.ServerVariables.ActivityAddin was loaded
2023-02-27 15:52:22,492 [1    ] INFO  |AddinConfigurator            - Addin WorkflowEditor.Activity.SetArrayVariable.ActivityAddin was loaded
2023-02-27 15:52:22,496 [1    ] INFO  |AddinConfigurator            - Addin WorkflowEditor.Activity.SetMail.ActivityAddin was loaded
2023-02-27 15:52:22,499 [1    ] INFO  |AddinConfigurator            - Addin WorkflowEditor.Activity.SetVariable.ActivityAddin was loaded
2023-02-27 15:52:22,503 [1    ] INFO  |AddinConfigurator            - Addin WorkflowEditor.Activity.Sleep.ActivityAddin was loaded
2023-02-27 15:52:22,510 [1    ] INFO  |AddinConfigurator            - Addin WorkflowEditor.Activity.StcProtector.ActivityAddin was loaded
2023-02-27 15:52:22,514 [1    ] INFO  |AddinConfigurator            - Addin WorkflowEditor.Activity.StringOperations.ActivityAddin was loaded
2023-02-27 15:52:22,517 [1    ] INFO  |AddinConfigurator            - Addin WorkflowEditor.Activity.StringToArray.ActivityAddin was loaded
2023-02-27 15:52:22,521 [1    ] INFO  |AddinConfigurator            - Addin WorkflowEditor.Activity.SystemValidation.ActivityAddin was loaded
2023-02-27 15:52:22,524 [1    ] INFO  |AddinConfigurator            - Addin WorkflowEditor.Activity.TextRecognitionIron.ActivityAddin was loaded
2023-02-27 15:52:22,529 [1    ] INFO  |AddinConfigurator            - Addin WorkflowEditor.Activity.TextRecognitionOpenCv.ActivityAddin was loaded
2023-02-27 15:52:22,533 [1    ] INFO  |AddinConfigurator            - Addin WorkflowEditor.Activity.TextRecognitionOpenCvFile.ActivityAddin was loaded
2023-02-27 15:52:22,539 [1    ] INFO  |AddinConfigurator            - Addin WorkflowEditor.Activity.Timers.ActivityAddin was loaded
2023-02-27 15:52:22,543 [1    ] INFO  |AddinConfigurator            - Addin WorkflowEditor.Activity.UserAccountDecrypter.ActivityAddin was loaded
2023-02-27 15:52:22,547 [1    ] INFO  |AddinConfigurator            - Addin WorkflowEditor.Activity.Variable.ActivityAddin was loaded
2023-02-27 15:52:22,551 [1    ] INFO  |AddinConfigurator            - Addin WorkflowEditor.Activity.WACheckElement.ActivityAddin was loaded
2023-02-27 15:52:22,555 [1    ] INFO  |AddinConfigurator            - Addin WorkflowEditor.Activity.WAClearForm.ActivityAddin was loaded
2023-02-27 15:52:22,559 [1    ] INFO  |AddinConfigurator            - Addin WorkflowEditor.Activity.WAClick.ActivityAddin was loaded
2023-02-27 15:52:22,564 [1    ] INFO  |AddinConfigurator            - Addin WorkflowEditor.Activity.WACloseWebSession.ActivityAddin was loaded
2023-02-27 15:52:22,568 [1    ] INFO  |AddinConfigurator            - Addin WorkflowEditor.Activity.WAGetElementText.ActivityAddin was loaded
2023-02-27 15:52:22,572 [1    ] INFO  |AddinConfigurator            - Addin WorkflowEditor.Activity.WaitForImage.ActivityAddin was loaded
2023-02-27 15:52:22,576 [1    ] INFO  |AddinConfigurator            - Addin WorkflowEditor.Activity.WAKeyStroke.ActivityAddin was loaded
2023-02-27 15:52:22,580 [1    ] INFO  |AddinConfigurator            - Addin WorkflowEditor.Activity.WAMessageBox.ActivityAddin was loaded
2023-02-27 15:52:22,583 [1    ] INFO  |AddinConfigurator            - Addin WorkflowEditor.Activity.WANavigateTo.ActivityAddin was loaded
2023-02-27 15:52:22,588 [1    ] INFO  |AddinConfigurator            - Addin WorkflowEditor.Activity.WASelect.ActivityAddin was loaded
2023-02-27 15:52:22,598 [1    ] INFO  |AddinConfigurator            - Addin WorkflowEditor.Activity.WASession.ActivityAddin was loaded
2023-02-27 15:52:22,603 [1    ] INFO  |AddinConfigurator            - Addin WorkflowEditor.Activity.WASubmitForm.ActivityAddin was loaded
2023-02-27 15:52:22,607 [1    ] INFO  |AddinConfigurator            - Addin WorkflowEditor.Activity.WebsiteLoadTime.ActivityAddin was loaded
2023-02-27 15:52:22,617 [1    ] INFO  |AddinConfigurator            - Addin WorkflowEditor.Activity.WindowSetState.ActivityAddin was loaded
2023-02-27 15:52:22,627 [1    ] INFO  |AddinConfigurator            - Addin WorkflowEditor.Activity.WindowWait.ActivityAddin was loaded
2023-02-27 15:52:22,630 [1    ] INFO  |AddinConfigurator            - Addin WorkflowEditor.Activity.WorkflowBasedVariables.ActivityAddin was loaded
2023-02-27 15:52:22,636 [1    ] INFO  |AddinConfigurator            - Addin WorkflowEditor.Activity.WorkflowSettings.ActivityAddin was loaded
2023-02-27 15:52:22,639 [1    ] INFO  |AddinConfigurator            - Addin WorkflowEditor.Activity.WriteClipboard.ActivityAddin was loaded
2023-02-27 15:52:22,643 [1    ] INFO  |AddinConfigurator            - Addin WorkflowEditor.Activity.WriteLog.ActivityAddin was loaded
2023-02-27 15:52:22,647 [1    ] INFO  |AddinConfigurator            - Addin WorkflowEditor.Activity.WriteToExcelFile.ActivityAddin was loaded
2023-02-27 15:52:22,651 [1    ] INFO  |AddinConfigurator            - Addin WorkflowEditor.Activity.WriteToTextFile.ActivityAddin was loaded
2023-02-27 15:52:22,687 [1    ] INFO  |AddinConfigurator            - Addin WorkflowEditor.ControlBlocks.ControlBlocksAddin was loaded
2023-02-27 15:52:22,688 [1    ] INFO  |AddinConfigurator            - ...loading addins completed.
2023-02-27 15:52:24,817 [1    ] INFO  |RpaRepositoryService         - Compatibility check with RPA Manager (GetServerAndMinimumWEVersion):
    - current RPA Manager version=1.1.1 (min required by Studio=0.0)
    - minimum RPA Manager requirement for WS/X1DS version=0.0.0 (current=6.0.15086.1)
2023-02-27 15:52:24,819 [1    ] INFO  |RpaRepositoryService         - Trying to connect to repository 'flexportrpa.rpa.mulesoft.com'. User 'cassie.yang@flexport.com', customer 'flexportrpa', use https: True, use proxy: no
2023-02-27 15:52:25,509 [1    ] ERROR |RpaRepositoryService         - Repository Error during '' Action, Error Code: Repository_CreateLoginFailed. Caller = TryToLogin
2023-02-27 15:52:25,509 [1    ] ERROR |RpaRepositoryService         -  > Associated Exception
WorkflowEditor.Common.ControlCenter.ApiClient.Errors.ControlCenterException: An error occurred while sending the request. 

   at WorkflowEditor.Common.ControlCenter.ApiClient.Extensions.SyncHelper.RunTaskSynchronously[TResponse](Func`1 task)
   at WorkflowEditor.Common.Repository.Service.RepositoryServiceBase.TryToLogin()
2023-02-27 15:52:37,081 [1    ] INFO  |RepositoryLoginPresenter     - Executing TryToConnectCommand
2023-02-27 15:52:37,091 [1    ] ERROR |App.xaml                     - The application is shutting down because the authentication was canceled.
2023-02-27 15:52:37,110 [1    ] INFO  |UserTemplateFilePackaging    - Templates loaded: 0 (folder: 'C:\Users\RPA\Documents\Mulesoft\RPA\UserTemplates')
2023-02-27 15:52:37,110 [1    ] INFO  |UserTemplateFilePackaging    - Templates loaded: 0 (folder: 'C:\Users\Public\Documents\Mulesoft\RPABuilder\RPA\UserTemplates')
2023-02-27 15:52:37,142 [1    ] INFO  |App.xaml                     - Setting up IPC Listener...
2023-02-27 15:52:37,147 [1    ] INFO  |App.xaml                     - ...application has started!
------------------------------------------------------------------------------------
2023-02-27 15:52:37,148 [1    ] INFO  |EditorShellRpa               - ShellWindowClosing: saving layout and closing main window
2023-02-27 15:52:37,244 [1    ] WARN  |BusinessProcessModelerView   - The page is not loaded yet.
2023-02-27 15:52:37,260 [1    ] WARN  |BusinessProcessModelerView   - The page is not loaded yet.
2023-02-27 15:52:37,261 [1    ] WARN  |BusinessProcessModelerView   - The page is not loaded yet.
2023-02-27 15:52:37,362 [1    ] INFO  |EditorShellPresenterRpa      - Saving most recent files list
2023-02-27 15:52:37,368 [1    ] INFO  |EditorShellPresenterRpa      - Removing all workflows
2023-02-27 15:52:37,391 [1    ] INFO  |EditorShellPresenterRpa      - StopInteractiveRecording
2023-02-27 15:52:37,396 [1    ] INFO  |App.xaml                     - Application_Exit
------------------------------------------------------------------------------------
MuleSoft RPA Builder is closing.
